{"C:\\Users\\N_Ngu\\Sailing_AI\\backend\\src\\server.ts": {"path":"C:\\Users\\N_Ngu\\Sailing_AI\\backend\\src\\server.ts","statementMap":{"0":{"start":{"line":1,"column":0},"end":{"line":1,"column":30}},"1":{"start":{"line":2,"column":0},"end":{"line":2,"column":32}},"2":{"start":{"line":3,"column":0},"end":{"line":3,"column":24}},"3":{"start":{"line":4,"column":0},"end":{"line":4,"column":28}},"4":{"start":{"line":5,"column":0},"end":{"line":5,"column":28}},"5":{"start":{"line":8,"column":0},"end":{"line":8,"column":16}},"6":{"start":{"line":10,"column":0},"end":{"line":10,"column":39}},"7":{"start":{"line":11,"column":0},"end":{"line":11,"column":42}},"8":{"start":{"line":12,"column":0},"end":{"line":12,"column":45}},"9":{"start":{"line":13,"column":0},"end":{"line":13,"column":56}},"10":{"start":{"line":14,"column":0},"end":{"line":14,"column":42}},"11":{"start":{"line":16,"column":12},"end":{"line":16,"column":21}},"12":{"start":{"line":17,"column":13},"end":{"line":17,"column":37}},"13":{"start":{"line":20,"column":0},"end":{"line":20,"column":16}},"14":{"start":{"line":21,"column":0},"end":{"line":21,"column":28}},"15":{"start":{"line":22,"column":0},"end":{"line":22,"column":41}},"16":{"start":{"line":23,"column":0},"end":{"line":23,"column":48}},"17":{"start":{"line":26,"column":0},"end":{"line":26,"column":33}},"18":{"start":{"line":27,"column":0},"end":{"line":27,"column":36}},"19":{"start":{"line":28,"column":0},"end":{"line":28,"column":39}},"20":{"start":{"line":29,"column":0},"end":{"line":29,"column":50}},"21":{"start":{"line":30,"column":0},"end":{"line":30,"column":36}},"22":{"start":{"line":33,"column":0},"end":{"line":45,"column":3}},"23":{"start":{"line":35,"column":24},"end":{"line":35,"column":60}},"24":{"start":{"line":37,"column":2},"end":{"line":44,"column":5}},"25":{"start":{"line":48,"column":0},"end":{"line":51,"column":3}},"26":{"start":{"line":49,"column":2},"end":{"line":49,"column":31}},"27":{"start":{"line":50,"column":2},"end":{"line":50,"column":59}},"28":{"start":{"line":54,"column":27},"end":{"line":68,"column":1}},"29":{"start":{"line":55,"column":2},"end":{"line":67,"column":3}},"30":{"start":{"line":56,"column":21},"end":{"line":56,"column":85}},"31":{"start":{"line":58,"column":4},"end":{"line":58,"column":37}},"32":{"start":{"line":59,"column":4},"end":{"line":59,"column":40}},"33":{"start":{"line":61,"column":4},"end":{"line":63,"column":7}},"34":{"start":{"line":62,"column":6},"end":{"line":62,"column":52}},"35":{"start":{"line":65,"column":4},"end":{"line":65,"column":52}},"36":{"start":{"line":66,"column":4},"end":{"line":66,"column":20}},"37":{"start":{"line":54,"column":13},"end":{"line":54,"column":27}},"38":{"start":{"line":71,"column":0},"end":{"line":71,"column":19}}},"fnMap":{"0":{"name":"(anonymous_1)","decl":{"start":{"line":33,"column":23},"end":{"line":33,"column":24}},"loc":{"start":{"line":33,"column":36},"end":{"line":45,"column":1}}},"1":{"name":"(anonymous_2)","decl":{"start":{"line":48,"column":8},"end":{"line":48,"column":9}},"loc":{"start":{"line":48,"column":94},"end":{"line":51,"column":1}}},"2":{"name":"(anonymous_3)","decl":{"start":{"line":54,"column":27},"end":{"line":54,"column":32}},"loc":{"start":{"line":54,"column":38},"end":{"line":68,"column":1}}},"3":{"name":"(anonymous_4)","decl":{"start":{"line":61,"column":21},"end":{"line":61,"column":24}},"loc":{"start":{"line":61,"column":26},"end":{"line":63,"column":5}}}},"branchMap":{"0":{"loc":{"start":{"line":17,"column":13},"end":{"line":17,"column":37}},"type":"binary-expr","locations":[{"start":{"line":17,"column":13},"end":{"line":17,"column":29}},{"start":{"line":17,"column":33},"end":{"line":17,"column":37}}]},"1":{"loc":{"start":{"line":38,"column":12},"end":{"line":38,"column":50}},"type":"cond-expr","locations":[{"start":{"line":38,"column":28},"end":{"line":38,"column":37}},{"start":{"line":38,"column":40},"end":{"line":38,"column":50}}]},"2":{"loc":{"start":{"line":56,"column":21},"end":{"line":56,"column":85}},"type":"binary-expr","locations":[{"start":{"line":56,"column":21},"end":{"line":56,"column":44}},{"start":{"line":56,"column":48},"end":{"line":56,"column":85}}]}},"s":{"0":1,"1":1,"2":1,"3":1,"4":1,"5":1,"6":1,"7":1,"8":1,"9":1,"10":1,"11":1,"12":1,"13":1,"14":1,"15":1,"16":1,"17":1,"18":1,"19":1,"20":1,"21":1,"22":1,"23":1,"24":1,"25":1,"26":0,"27":0,"28":1,"29":0,"30":0,"31":0,"32":0,"33":0,"34":0,"35":0,"36":0,"37":1,"38":1},"f":{"0":1,"1":0,"2":0,"3":0},"b":{"0":[1,1],"1":[0,1],"2":[0,0]}}
,"C:\\Users\\N_Ngu\\Sailing_AI\\backend\\src\\middleware\\auth.ts": {"path":"C:\\Users\\N_Ngu\\Sailing_AI\\backend\\src\\middleware\\auth.ts","statementMap":{"0":{"start":{"line":2,"column":0},"end":{"line":2,"column":31}},"1":{"start":{"line":5,"column":21},"end":{"line":13,"column":1}},"2":{"start":{"line":6,"column":2},"end":{"line":11,"column":3}},"3":{"start":{"line":7,"column":4},"end":{"line":10,"column":6}},"4":{"start":{"line":12,"column":2},"end":{"line":12,"column":32}},"5":{"start":{"line":19,"column":30},"end":{"line":34,"column":1}},"6":{"start":{"line":20,"column":2},"end":{"line":33,"column":3}},"7":{"start":{"line":21,"column":18},"end":{"line":21,"column":69}},"8":{"start":{"line":23,"column":4},"end":{"line":25,"column":5}},"9":{"start":{"line":24,"column":6},"end":{"line":24,"column":81}},"10":{"start":{"line":27,"column":23},"end":{"line":27,"column":37}},"11":{"start":{"line":28,"column":20},"end":{"line":28,"column":71}},"12":{"start":{"line":29,"column":4},"end":{"line":29,"column":32}},"13":{"start":{"line":30,"column":4},"end":{"line":30,"column":11}},"14":{"start":{"line":32,"column":4},"end":{"line":32,"column":68}},"15":{"start":{"line":19,"column":13},"end":{"line":19,"column":30}},"16":{"start":{"line":36,"column":29},"end":{"line":39,"column":1}},"17":{"start":{"line":37,"column":21},"end":{"line":37,"column":35}},"18":{"start":{"line":38,"column":2},"end":{"line":38,"column":64}},"19":{"start":{"line":36,"column":13},"end":{"line":36,"column":29}}},"fnMap":{"0":{"name":"(anonymous_1)","decl":{"start":{"line":5,"column":21},"end":{"line":5,"column":32}},"loc":{"start":{"line":5,"column":34},"end":{"line":13,"column":1}}},"1":{"name":"(anonymous_2)","decl":{"start":{"line":19,"column":30},"end":{"line":19,"column":31}},"loc":{"start":{"line":19,"column":86},"end":{"line":34,"column":1}}},"2":{"name":"(anonymous_3)","decl":{"start":{"line":36,"column":29},"end":{"line":36,"column":30}},"loc":{"start":{"line":36,"column":56},"end":{"line":39,"column":1}}}},"branchMap":{"0":{"loc":{"start":{"line":6,"column":2},"end":{"line":11,"column":3}},"type":"if","locations":[{"start":{"line":6,"column":2},"end":{"line":11,"column":3}}]},"1":{"loc":{"start":{"line":23,"column":4},"end":{"line":25,"column":5}},"type":"if","locations":[{"start":{"line":23,"column":4},"end":{"line":25,"column":5}}]}},"s":{"0":1,"1":1,"2":0,"3":0,"4":0,"5":1,"6":0,"7":0,"8":0,"9":0,"10":0,"11":0,"12":0,"13":0,"14":0,"15":1,"16":1,"17":0,"18":0,"19":1},"f":{"0":0,"1":0,"2":0},"b":{"0":[0],"1":[0]}}
,"C:\\Users\\N_Ngu\\Sailing_AI\\backend\\src\\models\\PolarDiagram.ts": {"path":"C:\\Users\\N_Ngu\\Sailing_AI\\backend\\src\\models\\PolarDiagram.ts","statementMap":{"0":{"start":{"line":1,"column":0},"end":{"line":1,"column":54}},"1":{"start":{"line":50,"column":25},"end":{"line":54,"column":2}},"2":{"start":{"line":56,"column":25},"end":{"line":59,"column":2}},"3":{"start":{"line":61,"column":28},"end":{"line":69,"column":2}},"4":{"start":{"line":71,"column":23},"end":{"line":78,"column":2}},"5":{"start":{"line":80,"column":27},"end":{"line":129,"column":null}},"6":{"start":{"line":133,"column":0},"end":{"line":133,"column":40}},"7":{"start":{"line":134,"column":0},"end":{"line":134,"column":43}},"8":{"start":{"line":135,"column":0},"end":{"line":135,"column":42}},"9":{"start":{"line":137,"column":0},"end":{"line":137,"column":81}}},"fnMap":{},"branchMap":{},"s":{"0":1,"1":1,"2":1,"3":1,"4":1,"5":1,"6":1,"7":1,"8":1,"9":1},"f":{},"b":{}}
,"C:\\Users\\N_Ngu\\Sailing_AI\\backend\\src\\models\\Route.ts": {"path":"C:\\Users\\N_Ngu\\Sailing_AI\\backend\\src\\models\\Route.ts","statementMap":{"0":{"start":{"line":1,"column":0},"end":{"line":1,"column":54}},"1":{"start":{"line":23,"column":23},"end":{"line":31,"column":2}},"2":{"start":{"line":33,"column":20},"end":{"line":56,"column":null}},"3":{"start":{"line":60,"column":0},"end":{"line":60,"column":48}},"4":{"start":{"line":61,"column":0},"end":{"line":61,"column":44}},"5":{"start":{"line":62,"column":0},"end":{"line":62,"column":47}},"6":{"start":{"line":63,"column":0},"end":{"line":63,"column":47}},"7":{"start":{"line":65,"column":0},"end":{"line":65,"column":60}}},"fnMap":{},"branchMap":{},"s":{"0":1,"1":1,"2":1,"3":1,"4":1,"5":1,"6":1,"7":1},"f":{},"b":{}}
,"C:\\Users\\N_Ngu\\Sailing_AI\\backend\\src\\models\\User.ts": {"path":"C:\\Users\\N_Ngu\\Sailing_AI\\backend\\src\\models\\User.ts","statementMap":{"0":{"start":{"line":1,"column":0},"end":{"line":1,"column":54}},"1":{"start":{"line":26,"column":19},"end":{"line":63,"column":null}},"2":{"start":{"line":67,"column":0},"end":{"line":67,"column":49}},"3":{"start":{"line":68,"column":0},"end":{"line":68,"column":36}},"4":{"start":{"line":70,"column":0},"end":{"line":70,"column":57}}},"fnMap":{},"branchMap":{},"s":{"0":1,"1":1,"2":1,"3":1,"4":1},"f":{},"b":{}}
,"C:\\Users\\N_Ngu\\Sailing_AI\\backend\\src\\models\\WeatherHistory.ts": {"path":"C:\\Users\\N_Ngu\\Sailing_AI\\backend\\src\\models\\WeatherHistory.ts","statementMap":{"0":{"start":{"line":1,"column":0},"end":{"line":1,"column":54}},"1":{"start":{"line":26,"column":29},"end":{"line":60,"column":null}},"2":{"start":{"line":64,"column":0},"end":{"line":64,"column":57}},"3":{"start":{"line":65,"column":0},"end":{"line":65,"column":58}},"4":{"start":{"line":67,"column":0},"end":{"line":67,"column":87}}},"fnMap":{},"branchMap":{},"s":{"0":1,"1":1,"2":1,"3":1,"4":1},"f":{},"b":{}}
,"C:\\Users\\N_Ngu\\Sailing_AI\\backend\\src\\routes\\auth.ts": {"path":"C:\\Users\\N_Ngu\\Sailing_AI\\backend\\src\\routes\\auth.ts","statementMap":{"0":{"start":{"line":1,"column":0},"end":{"line":1,"column":53}},"1":{"start":{"line":2,"column":0},"end":{"line":2,"column":30}},"2":{"start":{"line":3,"column":0},"end":{"line":3,"column":59}},"3":{"start":{"line":4,"column":0},"end":{"line":4,"column":43}},"4":{"start":{"line":5,"column":0},"end":{"line":5,"column":34}},"5":{"start":{"line":6,"column":0},"end":{"line":6,"column":80}},"6":{"start":{"line":8,"column":15},"end":{"line":8,"column":31}},"7":{"start":{"line":11,"column":20},"end":{"line":19,"column":2}},"8":{"start":{"line":21,"column":24},"end":{"line":29,"column":2}},"9":{"start":{"line":32,"column":0},"end":{"line":80,"column":2}},"10":{"start":{"line":41,"column":19},"end":{"line":41,"column":40}},"11":{"start":{"line":42,"column":4},"end":{"line":44,"column":5}},"12":{"start":{"line":43,"column":6},"end":{"line":43,"column":62}},"13":{"start":{"line":46,"column":4},"end":{"line":78,"column":5}},"14":{"start":{"line":47,"column":53},"end":{"line":47,"column":61}},"15":{"start":{"line":49,"column":27},"end":{"line":49,"column":56}},"16":{"start":{"line":50,"column":6},"end":{"line":52,"column":7}},"17":{"start":{"line":51,"column":8},"end":{"line":51,"column":75}},"18":{"start":{"line":54,"column":29},"end":{"line":54,"column":60}},"19":{"start":{"line":56,"column":19},"end":{"line":61,"column":8}},"20":{"start":{"line":63,"column":6},"end":{"line":63,"column":24}},"21":{"start":{"line":65,"column":20},"end":{"line":65,"column":63}},"22":{"start":{"line":67,"column":6},"end":{"line":74,"column":9}},"23":{"start":{"line":76,"column":6},"end":{"line":76,"column":50}},"24":{"start":{"line":77,"column":6},"end":{"line":77,"column":61}},"25":{"start":{"line":83,"column":0},"end":{"line":121,"column":2}},"26":{"start":{"line":88,"column":19},"end":{"line":88,"column":40}},"27":{"start":{"line":89,"column":4},"end":{"line":91,"column":5}},"28":{"start":{"line":90,"column":6},"end":{"line":90,"column":62}},"29":{"start":{"line":93,"column":4},"end":{"line":119,"column":5}},"30":{"start":{"line":94,"column":34},"end":{"line":94,"column":42}},"31":{"start":{"line":96,"column":19},"end":{"line":96,"column":48}},"32":{"start":{"line":97,"column":6},"end":{"line":99,"column":7}},"33":{"start":{"line":98,"column":8},"end":{"line":98,"column":70}},"34":{"start":{"line":101,"column":30},"end":{"line":101,"column":75}},"35":{"start":{"line":102,"column":6},"end":{"line":104,"column":7}},"36":{"start":{"line":103,"column":8},"end":{"line":103,"column":70}},"37":{"start":{"line":106,"column":20},"end":{"line":106,"column":63}},"38":{"start":{"line":108,"column":6},"end":{"line":115,"column":9}},"39":{"start":{"line":117,"column":6},"end":{"line":117,"column":43}},"40":{"start":{"line":118,"column":6},"end":{"line":118,"column":54}},"41":{"start":{"line":124,"column":0},"end":{"line":136,"column":3}},"42":{"start":{"line":125,"column":2},"end":{"line":135,"column":3}},"43":{"start":{"line":126,"column":17},"end":{"line":126,"column":68}},"44":{"start":{"line":127,"column":4},"end":{"line":129,"column":5}},"45":{"start":{"line":128,"column":6},"end":{"line":128,"column":63}},"46":{"start":{"line":131,"column":4},"end":{"line":131,"column":23}},"47":{"start":{"line":133,"column":4},"end":{"line":133,"column":49}},"48":{"start":{"line":134,"column":4},"end":{"line":134,"column":63}},"49":{"start":{"line":139,"column":0},"end":{"line":169,"column":3}},"50":{"start":{"line":140,"column":2},"end":{"line":168,"column":3}},"51":{"start":{"line":141,"column":84},"end":{"line":141,"column":92}},"52":{"start":{"line":143,"column":17},"end":{"line":143,"column":48}},"53":{"start":{"line":144,"column":4},"end":{"line":146,"column":5}},"54":{"start":{"line":145,"column":6},"end":{"line":145,"column":63}},"55":{"start":{"line":148,"column":4},"end":{"line":148,"column":31}},"56":{"start":{"line":148,"column":14},"end":{"line":148,"column":31}},"57":{"start":{"line":149,"column":4},"end":{"line":149,"column":66}},"58":{"start":{"line":149,"column":35},"end":{"line":149,"column":66}},"59":{"start":{"line":150,"column":4},"end":{"line":150,"column":88}},"60":{"start":{"line":150,"column":33},"end":{"line":150,"column":88}},"61":{"start":{"line":151,"column":4},"end":{"line":151,"column":88}},"62":{"start":{"line":151,"column":33},"end":{"line":151,"column":88}},"63":{"start":{"line":153,"column":4},"end":{"line":153,"column":22}},"64":{"start":{"line":155,"column":4},"end":{"line":164,"column":7}},"65":{"start":{"line":166,"column":4},"end":{"line":166,"column":50}},"66":{"start":{"line":167,"column":4},"end":{"line":167,"column":64}},"67":{"start":{"line":172,"column":0},"end":{"line":195,"column":3}},"68":{"start":{"line":173,"column":2},"end":{"line":194,"column":3}},"69":{"start":{"line":174,"column":22},"end":{"line":174,"column":30}},"70":{"start":{"line":176,"column":4},"end":{"line":178,"column":5}},"71":{"start":{"line":177,"column":6},"end":{"line":177,"column":71}},"72":{"start":{"line":180,"column":17},"end":{"line":180,"column":48}},"73":{"start":{"line":181,"column":4},"end":{"line":183,"column":5}},"74":{"start":{"line":182,"column":6},"end":{"line":182,"column":63}},"75":{"start":{"line":185,"column":4},"end":{"line":188,"column":5}},"76":{"start":{"line":186,"column":6},"end":{"line":186,"column":34}},"77":{"start":{"line":187,"column":6},"end":{"line":187,"column":24}},"78":{"start":{"line":190,"column":4},"end":{"line":190,"column":32}},"79":{"start":{"line":192,"column":4},"end":{"line":192,"column":59}},"80":{"start":{"line":193,"column":4},"end":{"line":193,"column":69}},"81":{"start":{"line":197,"column":0},"end":{"line":197,"column":22}}},"fnMap":{"0":{"name":"(anonymous_1)","decl":{"start":{"line":40,"column":2},"end":{"line":40,"column":7}},"loc":{"start":{"line":40,"column":40},"end":{"line":79,"column":3}}},"1":{"name":"(anonymous_2)","decl":{"start":{"line":87,"column":2},"end":{"line":87,"column":7}},"loc":{"start":{"line":87,"column":40},"end":{"line":120,"column":3}}},"2":{"name":"(anonymous_3)","decl":{"start":{"line":124,"column":39},"end":{"line":124,"column":44}},"loc":{"start":{"line":124,"column":71},"end":{"line":136,"column":1}}},"3":{"name":"(anonymous_4)","decl":{"start":{"line":139,"column":39},"end":{"line":139,"column":44}},"loc":{"start":{"line":139,"column":71},"end":{"line":169,"column":1}}},"4":{"name":"(anonymous_5)","decl":{"start":{"line":172,"column":43},"end":{"line":172,"column":48}},"loc":{"start":{"line":172,"column":75},"end":{"line":195,"column":1}}}},"branchMap":{"0":{"loc":{"start":{"line":42,"column":4},"end":{"line":44,"column":5}},"type":"if","locations":[{"start":{"line":42,"column":4},"end":{"line":44,"column":5}}]},"1":{"loc":{"start":{"line":50,"column":6},"end":{"line":52,"column":7}},"type":"if","locations":[{"start":{"line":50,"column":6},"end":{"line":52,"column":7}}]},"2":{"loc":{"start":{"line":89,"column":4},"end":{"line":91,"column":5}},"type":"if","locations":[{"start":{"line":89,"column":4},"end":{"line":91,"column":5}}]},"3":{"loc":{"start":{"line":97,"column":6},"end":{"line":99,"column":7}},"type":"if","locations":[{"start":{"line":97,"column":6},"end":{"line":99,"column":7}}]},"4":{"loc":{"start":{"line":102,"column":6},"end":{"line":104,"column":7}},"type":"if","locations":[{"start":{"line":102,"column":6},"end":{"line":104,"column":7}}]},"5":{"loc":{"start":{"line":127,"column":4},"end":{"line":129,"column":5}},"type":"if","locations":[{"start":{"line":127,"column":4},"end":{"line":129,"column":5}}]},"6":{"loc":{"start":{"line":144,"column":4},"end":{"line":146,"column":5}},"type":"if","locations":[{"start":{"line":144,"column":4},"end":{"line":146,"column":5}}]},"7":{"loc":{"start":{"line":148,"column":4},"end":{"line":148,"column":31}},"type":"if","locations":[{"start":{"line":148,"column":4},"end":{"line":148,"column":31}}]},"8":{"loc":{"start":{"line":149,"column":4},"end":{"line":149,"column":66}},"type":"if","locations":[{"start":{"line":149,"column":4},"end":{"line":149,"column":66}}]},"9":{"loc":{"start":{"line":150,"column":4},"end":{"line":150,"column":88}},"type":"if","locations":[{"start":{"line":150,"column":4},"end":{"line":150,"column":88}}]},"10":{"loc":{"start":{"line":151,"column":4},"end":{"line":151,"column":88}},"type":"if","locations":[{"start":{"line":151,"column":4},"end":{"line":151,"column":88}}]},"11":{"loc":{"start":{"line":176,"column":4},"end":{"line":178,"column":5}},"type":"if","locations":[{"start":{"line":176,"column":4},"end":{"line":178,"column":5}}]},"12":{"loc":{"start":{"line":181,"column":4},"end":{"line":183,"column":5}},"type":"if","locations":[{"start":{"line":181,"column":4},"end":{"line":183,"column":5}}]},"13":{"loc":{"start":{"line":185,"column":4},"end":{"line":188,"column":5}},"type":"if","locations":[{"start":{"line":185,"column":4},"end":{"line":188,"column":5}}]}},"s":{"0":1,"1":1,"2":1,"3":1,"4":1,"5":1,"6":1,"7":1,"8":1,"9":1,"10":0,"11":0,"12":0,"13":0,"14":0,"15":0,"16":0,"17":0,"18":0,"19":0,"20":0,"21":0,"22":0,"23":0,"24":0,"25":1,"26":0,"27":0,"28":0,"29":0,"30":0,"31":0,"32":0,"33":0,"34":0,"35":0,"36":0,"37":0,"38":0,"39":0,"40":0,"41":1,"42":0,"43":0,"44":0,"45":0,"46":0,"47":0,"48":0,"49":1,"50":0,"51":0,"52":0,"53":0,"54":0,"55":0,"56":0,"57":0,"58":0,"59":0,"60":0,"61":0,"62":0,"63":0,"64":0,"65":0,"66":0,"67":1,"68":0,"69":0,"70":0,"71":0,"72":0,"73":0,"74":0,"75":0,"76":0,"77":0,"78":0,"79":0,"80":0,"81":1},"f":{"0":0,"1":0,"2":0,"3":0,"4":0},"b":{"0":[0],"1":[0],"2":[0],"3":[0],"4":[0],"5":[0],"6":[0],"7":[0],"8":[0],"9":[0],"10":[0],"11":[0],"12":[0],"13":[0]}}
,"C:\\Users\\N_Ngu\\Sailing_AI\\backend\\src\\routes\\notifications.ts": {"path":"C:\\Users\\N_Ngu\\Sailing_AI\\backend\\src\\routes\\notifications.ts","statementMap":{"0":{"start":{"line":1,"column":0},"end":{"line":1,"column":30}},"1":{"start":{"line":2,"column":0},"end":{"line":2,"column":65}},"2":{"start":{"line":3,"column":0},"end":{"line":3,"column":34}},"3":{"start":{"line":4,"column":0},"end":{"line":4,"column":56}},"4":{"start":{"line":5,"column":0},"end":{"line":5,"column":28}},"5":{"start":{"line":7,"column":15},"end":{"line":7,"column":31}},"6":{"start":{"line":8,"column":13},"end":{"line":8,"column":23}},"7":{"start":{"line":11,"column":21},"end":{"line":13,"column":8}},"8":{"start":{"line":15,"column":28},"end":{"line":15,"column":59}},"9":{"start":{"line":18,"column":0},"end":{"line":58,"column":3}},"10":{"start":{"line":19,"column":2},"end":{"line":57,"column":3}},"11":{"start":{"line":20,"column":34},"end":{"line":20,"column":42}},"12":{"start":{"line":22,"column":17},"end":{"line":22,"column":48}},"13":{"start":{"line":23,"column":4},"end":{"line":25,"column":5}},"14":{"start":{"line":24,"column":6},"end":{"line":24,"column":83}},"15":{"start":{"line":27,"column":4},"end":{"line":29,"column":5}},"16":{"start":{"line":28,"column":6},"end":{"line":28,"column":85}},"17":{"start":{"line":31,"column":40},"end":{"line":39,"column":9}},"18":{"start":{"line":32,"column":25},"end":{"line":32,"column":52}},"19":{"start":{"line":33,"column":23},"end":{"line":39,"column":8}},"20":{"start":{"line":41,"column":19},"end":{"line":41,"column":56}},"21":{"start":{"line":42,"column":20},"end":{"line":42,"column":22}},"22":{"start":{"line":44,"column":4},"end":{"line":51,"column":5}},"23":{"start":{"line":45,"column":6},"end":{"line":50,"column":7}},"24":{"start":{"line":46,"column":28},"end":{"line":46,"column":72}},"25":{"start":{"line":47,"column":8},"end":{"line":47,"column":37}},"26":{"start":{"line":49,"column":8},"end":{"line":49,"column":71}},"27":{"start":{"line":53,"column":4},"end":{"line":53,"column":41}},"28":{"start":{"line":55,"column":4},"end":{"line":55,"column":58}},"29":{"start":{"line":56,"column":4},"end":{"line":56,"column":72}},"30":{"start":{"line":61,"column":0},"end":{"line":89,"column":3}},"31":{"start":{"line":62,"column":2},"end":{"line":88,"column":3}},"32":{"start":{"line":63,"column":24},"end":{"line":63,"column":32}},"33":{"start":{"line":65,"column":4},"end":{"line":67,"column":5}},"34":{"start":{"line":66,"column":6},"end":{"line":66,"column":75}},"35":{"start":{"line":69,"column":17},"end":{"line":69,"column":48}},"36":{"start":{"line":70,"column":4},"end":{"line":72,"column":5}},"37":{"start":{"line":71,"column":6},"end":{"line":71,"column":84}},"38":{"start":{"line":74,"column":4},"end":{"line":76,"column":5}},"39":{"start":{"line":75,"column":6},"end":{"line":75,"column":84}},"40":{"start":{"line":78,"column":19},"end":{"line":82,"column":6}},"41":{"start":{"line":84,"column":4},"end":{"line":84,"column":55}},"42":{"start":{"line":86,"column":4},"end":{"line":86,"column":44}},"43":{"start":{"line":87,"column":4},"end":{"line":87,"column":58}},"44":{"start":{"line":92,"column":0},"end":{"line":153,"column":3}},"45":{"start":{"line":93,"column":2},"end":{"line":152,"column":3}},"46":{"start":{"line":94,"column":22},"end":{"line":94,"column":30}},"47":{"start":{"line":96,"column":17},"end":{"line":96,"column":48}},"48":{"start":{"line":97,"column":4},"end":{"line":99,"column":5}},"49":{"start":{"line":98,"column":6},"end":{"line":98,"column":63}},"50":{"start":{"line":101,"column":25},"end":{"line":101,"column":50}},"51":{"start":{"line":104,"column":4},"end":{"line":126,"column":5}},"52":{"start":{"line":105,"column":42},"end":{"line":114,"column":11}},"53":{"start":{"line":106,"column":27},"end":{"line":106,"column":54}},"54":{"start":{"line":107,"column":25},"end":{"line":114,"column":10}},"55":{"start":{"line":116,"column":21},"end":{"line":116,"column":58}},"56":{"start":{"line":117,"column":6},"end":{"line":125,"column":7}},"57":{"start":{"line":118,"column":8},"end":{"line":124,"column":9}},"58":{"start":{"line":119,"column":26},"end":{"line":119,"column":70}},"59":{"start":{"line":120,"column":10},"end":{"line":120,"column":52}},"60":{"start":{"line":122,"column":10},"end":{"line":122,"column":59}},"61":{"start":{"line":123,"column":10},"end":{"line":123,"column":66}},"62":{"start":{"line":129,"column":4},"end":{"line":146,"column":5}},"63":{"start":{"line":135,"column":6},"end":{"line":145,"column":7}},"64":{"start":{"line":136,"column":23},"end":{"line":140,"column":10}},"65":{"start":{"line":141,"column":8},"end":{"line":141,"column":63}},"66":{"start":{"line":143,"column":8},"end":{"line":143,"column":43}},"67":{"start":{"line":144,"column":8},"end":{"line":144,"column":63}},"68":{"start":{"line":148,"column":4},"end":{"line":148,"column":41}},"69":{"start":{"line":150,"column":4},"end":{"line":150,"column":54}},"70":{"start":{"line":151,"column":4},"end":{"line":151,"column":68}},"71":{"start":{"line":155,"column":0},"end":{"line":155,"column":22}}},"fnMap":{"0":{"name":"(anonymous_1)","decl":{"start":{"line":18,"column":37},"end":{"line":18,"column":42}},"loc":{"start":{"line":18,"column":69},"end":{"line":58,"column":1}}},"1":{"name":"(anonymous_2)","decl":{"start":{"line":32,"column":14},"end":{"line":32,"column":15}},"loc":{"start":{"line":32,"column":25},"end":{"line":32,"column":52}}},"2":{"name":"(anonymous_3)","decl":{"start":{"line":33,"column":11},"end":{"line":33,"column":12}},"loc":{"start":{"line":33,"column":23},"end":{"line":39,"column":8}}},"3":{"name":"(anonymous_4)","decl":{"start":{"line":61,"column":36},"end":{"line":61,"column":41}},"loc":{"start":{"line":61,"column":68},"end":{"line":89,"column":1}}},"4":{"name":"(anonymous_5)","decl":{"start":{"line":92,"column":46},"end":{"line":92,"column":51}},"loc":{"start":{"line":92,"column":78},"end":{"line":153,"column":1}}},"5":{"name":"(anonymous_6)","decl":{"start":{"line":106,"column":16},"end":{"line":106,"column":17}},"loc":{"start":{"line":106,"column":27},"end":{"line":106,"column":54}}},"6":{"name":"(anonymous_7)","decl":{"start":{"line":107,"column":13},"end":{"line":107,"column":14}},"loc":{"start":{"line":107,"column":25},"end":{"line":114,"column":10}}}},"branchMap":{"0":{"loc":{"start":{"line":11,"column":21},"end":{"line":13,"column":8}},"type":"cond-expr","locations":[{"start":{"line":12,"column":4},"end":{"line":12,"column":73}},{"start":{"line":13,"column":4},"end":{"line":13,"column":8}}]},"1":{"loc":{"start":{"line":11,"column":21},"end":{"line":11,"column":84}},"type":"binary-expr","locations":[{"start":{"line":11,"column":21},"end":{"line":11,"column":51}},{"start":{"line":11,"column":55},"end":{"line":11,"column":84}}]},"2":{"loc":{"start":{"line":23,"column":4},"end":{"line":25,"column":5}},"type":"if","locations":[{"start":{"line":23,"column":4},"end":{"line":25,"column":5}}]},"3":{"loc":{"start":{"line":23,"column":8},"end":{"line":23,"column":45}},"type":"binary-expr","locations":[{"start":{"line":23,"column":8},"end":{"line":23,"column":13}},{"start":{"line":23,"column":17},"end":{"line":23,"column":45}}]},"4":{"loc":{"start":{"line":27,"column":4},"end":{"line":29,"column":5}},"type":"if","locations":[{"start":{"line":27,"column":4},"end":{"line":29,"column":5}}]},"5":{"loc":{"start":{"line":65,"column":4},"end":{"line":67,"column":5}},"type":"if","locations":[{"start":{"line":65,"column":4},"end":{"line":67,"column":5}}]},"6":{"loc":{"start":{"line":70,"column":4},"end":{"line":72,"column":5}},"type":"if","locations":[{"start":{"line":70,"column":4},"end":{"line":72,"column":5}}]},"7":{"loc":{"start":{"line":70,"column":8},"end":{"line":70,"column":34}},"type":"binary-expr","locations":[{"start":{"line":70,"column":8},"end":{"line":70,"column":13}},{"start":{"line":70,"column":17},"end":{"line":70,"column":34}}]},"8":{"loc":{"start":{"line":74,"column":4},"end":{"line":76,"column":5}},"type":"if","locations":[{"start":{"line":74,"column":4},"end":{"line":76,"column":5}}]},"9":{"loc":{"start":{"line":97,"column":4},"end":{"line":99,"column":5}},"type":"if","locations":[{"start":{"line":97,"column":4},"end":{"line":99,"column":5}}]},"10":{"loc":{"start":{"line":104,"column":4},"end":{"line":126,"column":5}},"type":"if","locations":[{"start":{"line":104,"column":4},"end":{"line":126,"column":5}}]},"11":{"loc":{"start":{"line":104,"column":8},"end":{"line":104,"column":71}},"type":"binary-expr","locations":[{"start":{"line":104,"column":8},"end":{"line":104,"column":41}},{"start":{"line":104,"column":45},"end":{"line":104,"column":71}}]},"12":{"loc":{"start":{"line":129,"column":4},"end":{"line":146,"column":5}},"type":"if","locations":[{"start":{"line":129,"column":4},"end":{"line":146,"column":5}}]},"13":{"loc":{"start":{"line":130,"column":6},"end":{"line":133,"column":18}},"type":"binary-expr","locations":[{"start":{"line":130,"column":6},"end":{"line":130,"column":35}},{"start":{"line":131,"column":6},"end":{"line":131,"column":38}},{"start":{"line":132,"column":6},"end":{"line":132,"column":22}},{"start":{"line":133,"column":6},"end":{"line":133,"column":18}}]},"14":{"loc":{"start":{"line":137,"column":61},"end":{"line":137,"column":87}},"type":"binary-expr","locations":[{"start":{"line":137,"column":61},"end":{"line":137,"column":81}},{"start":{"line":137,"column":85},"end":{"line":137,"column":87}}]}},"s":{"0":1,"1":1,"2":1,"3":1,"4":1,"5":1,"6":1,"7":1,"8":1,"9":1,"10":0,"11":0,"12":0,"13":0,"14":0,"15":0,"16":0,"17":0,"18":0,"19":0,"20":0,"21":0,"22":0,"23":0,"24":0,"25":0,"26":0,"27":0,"28":0,"29":0,"30":1,"31":0,"32":0,"33":0,"34":0,"35":0,"36":0,"37":0,"38":0,"39":0,"40":0,"41":0,"42":0,"43":0,"44":1,"45":0,"46":0,"47":0,"48":0,"49":0,"50":0,"51":0,"52":0,"53":0,"54":0,"55":0,"56":0,"57":0,"58":0,"59":0,"60":0,"61":0,"62":0,"63":0,"64":0,"65":0,"66":0,"67":0,"68":0,"69":0,"70":0,"71":1},"f":{"0":0,"1":0,"2":0,"3":0,"4":0,"5":0,"6":0},"b":{"0":[0,1],"1":[1,0],"2":[0],"3":[0,0],"4":[0],"5":[0],"6":[0],"7":[0,0],"8":[0],"9":[0],"10":[0],"11":[0,0],"12":[0],"13":[0,0,0,0],"14":[0,0]}}
,"C:\\Users\\N_Ngu\\Sailing_AI\\backend\\src\\routes\\polars.ts": {"path":"C:\\Users\\N_Ngu\\Sailing_AI\\backend\\src\\routes\\polars.ts","statementMap":{"0":{"start":{"line":1,"column":0},"end":{"line":1,"column":30}},"1":{"start":{"line":2,"column":0},"end":{"line":2,"column":65}},"2":{"start":{"line":3,"column":0},"end":{"line":3,"column":50}},"3":{"start":{"line":5,"column":15},"end":{"line":5,"column":31}},"4":{"start":{"line":8,"column":0},"end":{"line":23,"column":3}},"5":{"start":{"line":9,"column":2},"end":{"line":22,"column":3}},"6":{"start":{"line":10,"column":23},"end":{"line":10,"column":94}},"7":{"start":{"line":11,"column":25},"end":{"line":13,"column":16}},"8":{"start":{"line":15,"column":4},"end":{"line":18,"column":7}},"9":{"start":{"line":20,"column":4},"end":{"line":20,"column":48}},"10":{"start":{"line":21,"column":4},"end":{"line":21,"column":70}},"11":{"start":{"line":26,"column":0},"end":{"line":42,"column":3}},"12":{"start":{"line":27,"column":2},"end":{"line":41,"column":3}},"13":{"start":{"line":28,"column":18},"end":{"line":31,"column":6}},"14":{"start":{"line":33,"column":4},"end":{"line":35,"column":5}},"15":{"start":{"line":34,"column":6},"end":{"line":34,"column":72}},"16":{"start":{"line":37,"column":4},"end":{"line":37,"column":24}},"17":{"start":{"line":39,"column":4},"end":{"line":39,"column":47}},"18":{"start":{"line":40,"column":4},"end":{"line":40,"column":69}},"19":{"start":{"line":45,"column":0},"end":{"line":58,"column":3}},"20":{"start":{"line":46,"column":2},"end":{"line":57,"column":3}},"21":{"start":{"line":47,"column":18},"end":{"line":47,"column":90}},"22":{"start":{"line":49,"column":4},"end":{"line":51,"column":5}},"23":{"start":{"line":50,"column":6},"end":{"line":50,"column":83}},"24":{"start":{"line":53,"column":4},"end":{"line":53,"column":24}},"25":{"start":{"line":55,"column":4},"end":{"line":55,"column":55}},"26":{"start":{"line":56,"column":4},"end":{"line":56,"column":69}},"27":{"start":{"line":61,"column":0},"end":{"line":97,"column":3}},"28":{"start":{"line":62,"column":2},"end":{"line":96,"column":3}},"29":{"start":{"line":74,"column":8},"end":{"line":74,"column":16}},"30":{"start":{"line":76,"column":18},"end":{"line":89,"column":6}},"31":{"start":{"line":91,"column":4},"end":{"line":91,"column":23}},"32":{"start":{"line":92,"column":4},"end":{"line":92,"column":36}},"33":{"start":{"line":94,"column":4},"end":{"line":94,"column":48}},"34":{"start":{"line":95,"column":4},"end":{"line":95,"column":70}},"35":{"start":{"line":100,"column":0},"end":{"line":142,"column":3}},"36":{"start":{"line":101,"column":2},"end":{"line":141,"column":3}},"37":{"start":{"line":102,"column":18},"end":{"line":105,"column":6}},"38":{"start":{"line":107,"column":4},"end":{"line":109,"column":5}},"39":{"start":{"line":108,"column":6},"end":{"line":108,"column":72}},"40":{"start":{"line":123,"column":8},"end":{"line":123,"column":16}},"41":{"start":{"line":125,"column":4},"end":{"line":125,"column":46}},"42":{"start":{"line":125,"column":28},"end":{"line":125,"column":46}},"43":{"start":{"line":126,"column":4},"end":{"line":126,"column":58}},"44":{"start":{"line":126,"column":32},"end":{"line":126,"column":58}},"45":{"start":{"line":127,"column":4},"end":{"line":127,"column":61}},"46":{"start":{"line":127,"column":33},"end":{"line":127,"column":61}},"47":{"start":{"line":128,"column":4},"end":{"line":128,"column":67}},"48":{"start":{"line":128,"column":35},"end":{"line":128,"column":67}},"49":{"start":{"line":129,"column":4},"end":{"line":129,"column":52}},"50":{"start":{"line":129,"column":30},"end":{"line":129,"column":52}},"51":{"start":{"line":130,"column":4},"end":{"line":130,"column":46}},"52":{"start":{"line":130,"column":28},"end":{"line":130,"column":46}},"53":{"start":{"line":131,"column":4},"end":{"line":131,"column":70}},"54":{"start":{"line":131,"column":36},"end":{"line":131,"column":70}},"55":{"start":{"line":132,"column":4},"end":{"line":132,"column":58}},"56":{"start":{"line":132,"column":32},"end":{"line":132,"column":58}},"57":{"start":{"line":133,"column":4},"end":{"line":133,"column":61}},"58":{"start":{"line":133,"column":33},"end":{"line":133,"column":61}},"59":{"start":{"line":134,"column":4},"end":{"line":134,"column":58}},"60":{"start":{"line":134,"column":32},"end":{"line":134,"column":58}},"61":{"start":{"line":136,"column":4},"end":{"line":136,"column":23}},"62":{"start":{"line":137,"column":4},"end":{"line":137,"column":24}},"63":{"start":{"line":139,"column":4},"end":{"line":139,"column":48}},"64":{"start":{"line":140,"column":4},"end":{"line":140,"column":70}},"65":{"start":{"line":145,"column":0},"end":{"line":161,"column":3}},"66":{"start":{"line":146,"column":2},"end":{"line":160,"column":3}},"67":{"start":{"line":147,"column":18},"end":{"line":150,"column":6}},"68":{"start":{"line":152,"column":4},"end":{"line":154,"column":5}},"69":{"start":{"line":153,"column":6},"end":{"line":153,"column":72}},"70":{"start":{"line":156,"column":4},"end":{"line":156,"column":32}},"71":{"start":{"line":158,"column":4},"end":{"line":158,"column":48}},"72":{"start":{"line":159,"column":4},"end":{"line":159,"column":70}},"73":{"start":{"line":164,"column":0},"end":{"line":197,"column":3}},"74":{"start":{"line":165,"column":2},"end":{"line":196,"column":3}},"75":{"start":{"line":166,"column":24},"end":{"line":169,"column":6}},"76":{"start":{"line":171,"column":4},"end":{"line":173,"column":5}},"77":{"start":{"line":172,"column":6},"end":{"line":172,"column":79}},"78":{"start":{"line":176,"column":21},"end":{"line":189,"column":6}},"79":{"start":{"line":191,"column":4},"end":{"line":191,"column":26}},"80":{"start":{"line":192,"column":4},"end":{"line":192,"column":46}},"81":{"start":{"line":194,"column":4},"end":{"line":194,"column":47}},"82":{"start":{"line":195,"column":4},"end":{"line":195,"column":69}},"83":{"start":{"line":200,"column":0},"end":{"line":213,"column":3}},"84":{"start":{"line":201,"column":2},"end":{"line":212,"column":3}},"85":{"start":{"line":202,"column":26},"end":{"line":202,"column":36}},"86":{"start":{"line":203,"column":19},"end":{"line":206,"column":16}},"87":{"start":{"line":208,"column":4},"end":{"line":208,"column":25}},"88":{"start":{"line":210,"column":4},"end":{"line":210,"column":49}},"89":{"start":{"line":211,"column":4},"end":{"line":211,"column":71}},"90":{"start":{"line":215,"column":0},"end":{"line":215,"column":22}}},"fnMap":{"0":{"name":"(anonymous_1)","decl":{"start":{"line":8,"column":32},"end":{"line":8,"column":37}},"loc":{"start":{"line":8,"column":64},"end":{"line":23,"column":1}}},"1":{"name":"(anonymous_2)","decl":{"start":{"line":26,"column":35},"end":{"line":26,"column":40}},"loc":{"start":{"line":26,"column":67},"end":{"line":42,"column":1}}},"2":{"name":"(anonymous_3)","decl":{"start":{"line":45,"column":33},"end":{"line":45,"column":38}},"loc":{"start":{"line":45,"column":52},"end":{"line":58,"column":1}}},"3":{"name":"(anonymous_4)","decl":{"start":{"line":61,"column":33},"end":{"line":61,"column":38}},"loc":{"start":{"line":61,"column":65},"end":{"line":97,"column":1}}},"4":{"name":"(anonymous_5)","decl":{"start":{"line":100,"column":35},"end":{"line":100,"column":40}},"loc":{"start":{"line":100,"column":67},"end":{"line":142,"column":1}}},"5":{"name":"(anonymous_6)","decl":{"start":{"line":145,"column":38},"end":{"line":145,"column":43}},"loc":{"start":{"line":145,"column":70},"end":{"line":161,"column":1}}},"6":{"name":"(anonymous_7)","decl":{"start":{"line":164,"column":42},"end":{"line":164,"column":47}},"loc":{"start":{"line":164,"column":74},"end":{"line":197,"column":1}}},"7":{"name":"(anonymous_8)","decl":{"start":{"line":200,"column":49},"end":{"line":200,"column":54}},"loc":{"start":{"line":200,"column":68},"end":{"line":213,"column":1}}}},"branchMap":{"0":{"loc":{"start":{"line":33,"column":4},"end":{"line":35,"column":5}},"type":"if","locations":[{"start":{"line":33,"column":4},"end":{"line":35,"column":5}}]},"1":{"loc":{"start":{"line":49,"column":4},"end":{"line":51,"column":5}},"type":"if","locations":[{"start":{"line":49,"column":4},"end":{"line":51,"column":5}}]},"2":{"loc":{"start":{"line":87,"column":16},"end":{"line":87,"column":33}},"type":"binary-expr","locations":[{"start":{"line":87,"column":16},"end":{"line":87,"column":24}},{"start":{"line":87,"column":28},"end":{"line":87,"column":33}}]},"3":{"loc":{"start":{"line":107,"column":4},"end":{"line":109,"column":5}},"type":"if","locations":[{"start":{"line":107,"column":4},"end":{"line":109,"column":5}}]},"4":{"loc":{"start":{"line":125,"column":4},"end":{"line":125,"column":46}},"type":"if","locations":[{"start":{"line":125,"column":4},"end":{"line":125,"column":46}}]},"5":{"loc":{"start":{"line":126,"column":4},"end":{"line":126,"column":58}},"type":"if","locations":[{"start":{"line":126,"column":4},"end":{"line":126,"column":58}}]},"6":{"loc":{"start":{"line":127,"column":4},"end":{"line":127,"column":61}},"type":"if","locations":[{"start":{"line":127,"column":4},"end":{"line":127,"column":61}}]},"7":{"loc":{"start":{"line":128,"column":4},"end":{"line":128,"column":67}},"type":"if","locations":[{"start":{"line":128,"column":4},"end":{"line":128,"column":67}}]},"8":{"loc":{"start":{"line":129,"column":4},"end":{"line":129,"column":52}},"type":"if","locations":[{"start":{"line":129,"column":4},"end":{"line":129,"column":52}}]},"9":{"loc":{"start":{"line":130,"column":4},"end":{"line":130,"column":46}},"type":"if","locations":[{"start":{"line":130,"column":4},"end":{"line":130,"column":46}}]},"10":{"loc":{"start":{"line":131,"column":4},"end":{"line":131,"column":70}},"type":"if","locations":[{"start":{"line":131,"column":4},"end":{"line":131,"column":70}}]},"11":{"loc":{"start":{"line":132,"column":4},"end":{"line":132,"column":58}},"type":"if","locations":[{"start":{"line":132,"column":4},"end":{"line":132,"column":58}}]},"12":{"loc":{"start":{"line":133,"column":4},"end":{"line":133,"column":61}},"type":"if","locations":[{"start":{"line":133,"column":4},"end":{"line":133,"column":61}}]},"13":{"loc":{"start":{"line":134,"column":4},"end":{"line":134,"column":58}},"type":"if","locations":[{"start":{"line":134,"column":4},"end":{"line":134,"column":58}}]},"14":{"loc":{"start":{"line":152,"column":4},"end":{"line":154,"column":5}},"type":"if","locations":[{"start":{"line":152,"column":4},"end":{"line":154,"column":5}}]},"15":{"loc":{"start":{"line":171,"column":4},"end":{"line":173,"column":5}},"type":"if","locations":[{"start":{"line":171,"column":4},"end":{"line":173,"column":5}}]}},"s":{"0":1,"1":1,"2":1,"3":1,"4":1,"5":0,"6":0,"7":0,"8":0,"9":0,"10":0,"11":1,"12":0,"13":0,"14":0,"15":0,"16":0,"17":0,"18":0,"19":1,"20":0,"21":0,"22":0,"23":0,"24":0,"25":0,"26":0,"27":1,"28":0,"29":0,"30":0,"31":0,"32":0,"33":0,"34":0,"35":1,"36":0,"37":0,"38":0,"39":0,"40":0,"41":0,"42":0,"43":0,"44":0,"45":0,"46":0,"47":0,"48":0,"49":0,"50":0,"51":0,"52":0,"53":0,"54":0,"55":0,"56":0,"57":0,"58":0,"59":0,"60":0,"61":0,"62":0,"63":0,"64":0,"65":1,"66":0,"67":0,"68":0,"69":0,"70":0,"71":0,"72":0,"73":1,"74":0,"75":0,"76":0,"77":0,"78":0,"79":0,"80":0,"81":0,"82":0,"83":1,"84":0,"85":0,"86":0,"87":0,"88":0,"89":0,"90":1},"f":{"0":0,"1":0,"2":0,"3":0,"4":0,"5":0,"6":0,"7":0},"b":{"0":[0],"1":[0],"2":[0,0],"3":[0],"4":[0],"5":[0],"6":[0],"7":[0],"8":[0],"9":[0],"10":[0],"11":[0],"12":[0],"13":[0],"14":[0],"15":[0]}}
,"C:\\Users\\N_Ngu\\Sailing_AI\\backend\\src\\routes\\routes.ts": {"path":"C:\\Users\\N_Ngu\\Sailing_AI\\backend\\src\\routes\\routes.ts","statementMap":{"0":{"start":{"line":1,"column":0},"end":{"line":1,"column":30}},"1":{"start":{"line":2,"column":0},"end":{"line":2,"column":65}},"2":{"start":{"line":3,"column":0},"end":{"line":3,"column":36}},"3":{"start":{"line":5,"column":15},"end":{"line":5,"column":31}},"4":{"start":{"line":8,"column":0},"end":{"line":38,"column":3}},"5":{"start":{"line":9,"column":2},"end":{"line":37,"column":3}},"6":{"start":{"line":11,"column":17},"end":{"line":11,"column":56}},"7":{"start":{"line":12,"column":18},"end":{"line":12,"column":59}},"8":{"start":{"line":13,"column":17},"end":{"line":13,"column":35}},"9":{"start":{"line":16,"column":23},"end":{"line":16,"column":56}},"10":{"start":{"line":18,"column":19},"end":{"line":21,"column":24}},"11":{"start":{"line":23,"column":18},"end":{"line":23,"column":68}},"12":{"start":{"line":25,"column":4},"end":{"line":33,"column":7}},"13":{"start":{"line":35,"column":4},"end":{"line":35,"column":48}},"14":{"start":{"line":36,"column":4},"end":{"line":36,"column":62}},"15":{"start":{"line":41,"column":0},"end":{"line":53,"column":3}},"16":{"start":{"line":42,"column":2},"end":{"line":52,"column":3}},"17":{"start":{"line":43,"column":18},"end":{"line":43,"column":81}},"18":{"start":{"line":44,"column":4},"end":{"line":46,"column":5}},"19":{"start":{"line":45,"column":6},"end":{"line":45,"column":64}},"20":{"start":{"line":48,"column":4},"end":{"line":48,"column":24}},"21":{"start":{"line":50,"column":4},"end":{"line":50,"column":47}},"22":{"start":{"line":51,"column":4},"end":{"line":51,"column":61}},"23":{"start":{"line":56,"column":0},"end":{"line":72,"column":3}},"24":{"start":{"line":57,"column":2},"end":{"line":71,"column":3}},"25":{"start":{"line":58,"column":32},"end":{"line":58,"column":40}},"26":{"start":{"line":60,"column":18},"end":{"line":64,"column":6}},"27":{"start":{"line":66,"column":4},"end":{"line":66,"column":23}},"28":{"start":{"line":67,"column":4},"end":{"line":67,"column":36}},"29":{"start":{"line":69,"column":4},"end":{"line":69,"column":48}},"30":{"start":{"line":70,"column":4},"end":{"line":70,"column":62}},"31":{"start":{"line":75,"column":0},"end":{"line":95,"column":3}},"32":{"start":{"line":76,"column":2},"end":{"line":94,"column":3}},"33":{"start":{"line":77,"column":51},"end":{"line":77,"column":59}},"34":{"start":{"line":79,"column":18},"end":{"line":79,"column":81}},"35":{"start":{"line":80,"column":4},"end":{"line":82,"column":5}},"36":{"start":{"line":81,"column":6},"end":{"line":81,"column":64}},"37":{"start":{"line":84,"column":4},"end":{"line":84,"column":46}},"38":{"start":{"line":84,"column":28},"end":{"line":84,"column":46}},"39":{"start":{"line":85,"column":4},"end":{"line":85,"column":61}},"40":{"start":{"line":85,"column":33},"end":{"line":85,"column":61}},"41":{"start":{"line":86,"column":4},"end":{"line":86,"column":52}},"42":{"start":{"line":86,"column":30},"end":{"line":86,"column":52}},"43":{"start":{"line":87,"column":4},"end":{"line":87,"column":61}},"44":{"start":{"line":87,"column":33},"end":{"line":87,"column":61}},"45":{"start":{"line":89,"column":4},"end":{"line":89,"column":23}},"46":{"start":{"line":90,"column":4},"end":{"line":90,"column":24}},"47":{"start":{"line":92,"column":4},"end":{"line":92,"column":48}},"48":{"start":{"line":93,"column":4},"end":{"line":93,"column":62}},"49":{"start":{"line":98,"column":0},"end":{"line":110,"column":3}},"50":{"start":{"line":99,"column":2},"end":{"line":109,"column":3}},"51":{"start":{"line":100,"column":18},"end":{"line":100,"column":90}},"52":{"start":{"line":101,"column":4},"end":{"line":103,"column":5}},"53":{"start":{"line":102,"column":6},"end":{"line":102,"column":64}},"54":{"start":{"line":105,"column":4},"end":{"line":105,"column":32}},"55":{"start":{"line":107,"column":4},"end":{"line":107,"column":48}},"56":{"start":{"line":108,"column":4},"end":{"line":108,"column":62}},"57":{"start":{"line":113,"column":0},"end":{"line":132,"column":3}},"58":{"start":{"line":114,"column":2},"end":{"line":131,"column":3}},"59":{"start":{"line":116,"column":4},"end":{"line":116,"column":70}},"60":{"start":{"line":119,"column":18},"end":{"line":119,"column":81}},"61":{"start":{"line":120,"column":4},"end":{"line":122,"column":5}},"62":{"start":{"line":121,"column":6},"end":{"line":121,"column":64}},"63":{"start":{"line":124,"column":4},"end":{"line":124,"column":24}},"64":{"start":{"line":125,"column":4},"end":{"line":125,"column":23}},"65":{"start":{"line":127,"column":4},"end":{"line":127,"column":24}},"66":{"start":{"line":129,"column":4},"end":{"line":129,"column":50}},"67":{"start":{"line":130,"column":4},"end":{"line":130,"column":64}},"68":{"start":{"line":134,"column":0},"end":{"line":134,"column":22}}},"fnMap":{"0":{"name":"(anonymous_1)","decl":{"start":{"line":8,"column":32},"end":{"line":8,"column":37}},"loc":{"start":{"line":8,"column":64},"end":{"line":38,"column":1}}},"1":{"name":"(anonymous_2)","decl":{"start":{"line":41,"column":35},"end":{"line":41,"column":40}},"loc":{"start":{"line":41,"column":67},"end":{"line":53,"column":1}}},"2":{"name":"(anonymous_3)","decl":{"start":{"line":56,"column":33},"end":{"line":56,"column":38}},"loc":{"start":{"line":56,"column":65},"end":{"line":72,"column":1}}},"3":{"name":"(anonymous_4)","decl":{"start":{"line":75,"column":35},"end":{"line":75,"column":40}},"loc":{"start":{"line":75,"column":67},"end":{"line":95,"column":1}}},"4":{"name":"(anonymous_5)","decl":{"start":{"line":98,"column":38},"end":{"line":98,"column":43}},"loc":{"start":{"line":98,"column":70},"end":{"line":110,"column":1}}},"5":{"name":"(anonymous_6)","decl":{"start":{"line":113,"column":45},"end":{"line":113,"column":50}},"loc":{"start":{"line":113,"column":77},"end":{"line":132,"column":1}}}},"branchMap":{"0":{"loc":{"start":{"line":11,"column":17},"end":{"line":11,"column":56}},"type":"binary-expr","locations":[{"start":{"line":11,"column":17},"end":{"line":11,"column":51}},{"start":{"line":11,"column":55},"end":{"line":11,"column":56}}]},"1":{"loc":{"start":{"line":12,"column":18},"end":{"line":12,"column":59}},"type":"binary-expr","locations":[{"start":{"line":12,"column":18},"end":{"line":12,"column":53}},{"start":{"line":12,"column":57},"end":{"line":12,"column":59}}]},"2":{"loc":{"start":{"line":44,"column":4},"end":{"line":46,"column":5}},"type":"if","locations":[{"start":{"line":44,"column":4},"end":{"line":46,"column":5}}]},"3":{"loc":{"start":{"line":80,"column":4},"end":{"line":82,"column":5}},"type":"if","locations":[{"start":{"line":80,"column":4},"end":{"line":82,"column":5}}]},"4":{"loc":{"start":{"line":84,"column":4},"end":{"line":84,"column":46}},"type":"if","locations":[{"start":{"line":84,"column":4},"end":{"line":84,"column":46}}]},"5":{"loc":{"start":{"line":85,"column":4},"end":{"line":85,"column":61}},"type":"if","locations":[{"start":{"line":85,"column":4},"end":{"line":85,"column":61}}]},"6":{"loc":{"start":{"line":86,"column":4},"end":{"line":86,"column":52}},"type":"if","locations":[{"start":{"line":86,"column":4},"end":{"line":86,"column":52}}]},"7":{"loc":{"start":{"line":87,"column":4},"end":{"line":87,"column":61}},"type":"if","locations":[{"start":{"line":87,"column":4},"end":{"line":87,"column":61}}]},"8":{"loc":{"start":{"line":101,"column":4},"end":{"line":103,"column":5}},"type":"if","locations":[{"start":{"line":101,"column":4},"end":{"line":103,"column":5}}]},"9":{"loc":{"start":{"line":120,"column":4},"end":{"line":122,"column":5}},"type":"if","locations":[{"start":{"line":120,"column":4},"end":{"line":122,"column":5}}]}},"s":{"0":1,"1":1,"2":1,"3":1,"4":1,"5":0,"6":0,"7":0,"8":0,"9":0,"10":0,"11":0,"12":0,"13":0,"14":0,"15":1,"16":0,"17":0,"18":0,"19":0,"20":0,"21":0,"22":0,"23":1,"24":0,"25":0,"26":0,"27":0,"28":0,"29":0,"30":0,"31":1,"32":0,"33":0,"34":0,"35":0,"36":0,"37":0,"38":0,"39":0,"40":0,"41":0,"42":0,"43":0,"44":0,"45":0,"46":0,"47":0,"48":0,"49":1,"50":0,"51":0,"52":0,"53":0,"54":0,"55":0,"56":0,"57":1,"58":0,"59":0,"60":0,"61":0,"62":0,"63":0,"64":0,"65":0,"66":0,"67":0,"68":1},"f":{"0":0,"1":0,"2":0,"3":0,"4":0,"5":0},"b":{"0":[0,0],"1":[0,0],"2":[0],"3":[0],"4":[0],"5":[0],"6":[0],"7":[0],"8":[0],"9":[0]}}
,"C:\\Users\\N_Ngu\\Sailing_AI\\backend\\src\\routes\\weather.ts": {"path":"C:\\Users\\N_Ngu\\Sailing_AI\\backend\\src\\routes\\weather.ts","statementMap":{"0":{"start":{"line":1,"column":0},"end":{"line":1,"column":30}},"1":{"start":{"line":2,"column":0},"end":{"line":2,"column":65}},"2":{"start":{"line":3,"column":0},"end":{"line":3,"column":54}},"3":{"start":{"line":5,"column":15},"end":{"line":5,"column":31}},"4":{"start":{"line":8,"column":0},"end":{"line":44,"column":3}},"5":{"start":{"line":9,"column":2},"end":{"line":43,"column":3}},"6":{"start":{"line":10,"column":43},"end":{"line":10,"column":65}},"7":{"start":{"line":12,"column":4},"end":{"line":14,"column":5}},"8":{"start":{"line":13,"column":6},"end":{"line":13,"column":40}},"9":{"start":{"line":17,"column":17},"end":{"line":17,"column":56}},"10":{"start":{"line":18,"column":18},"end":{"line":18,"column":59}},"11":{"start":{"line":19,"column":17},"end":{"line":19,"column":35}},"12":{"start":{"line":22,"column":23},"end":{"line":22,"column":56}},"13":{"start":{"line":24,"column":20},"end":{"line":27,"column":24}},"14":{"start":{"line":29,"column":18},"end":{"line":29,"column":60}},"15":{"start":{"line":31,"column":4},"end":{"line":39,"column":7}},"16":{"start":{"line":41,"column":4},"end":{"line":41,"column":57}},"17":{"start":{"line":42,"column":4},"end":{"line":42,"column":71}},"18":{"start":{"line":47,"column":0},"end":{"line":66,"column":3}},"19":{"start":{"line":48,"column":2},"end":{"line":65,"column":3}},"20":{"start":{"line":49,"column":73},"end":{"line":49,"column":81}},"21":{"start":{"line":51,"column":27},"end":{"line":58,"column":6}},"22":{"start":{"line":60,"column":4},"end":{"line":60,"column":32}},"23":{"start":{"line":61,"column":4},"end":{"line":61,"column":45}},"24":{"start":{"line":63,"column":4},"end":{"line":63,"column":56}},"25":{"start":{"line":64,"column":4},"end":{"line":64,"column":70}},"26":{"start":{"line":69,"column":0},"end":{"line":106,"column":3}},"27":{"start":{"line":70,"column":2},"end":{"line":105,"column":3}},"28":{"start":{"line":71,"column":20},"end":{"line":74,"column":16}},"29":{"start":{"line":76,"column":21},"end":{"line":90,"column":6}},"30":{"start":{"line":77,"column":28},"end":{"line":77,"column":97}},"31":{"start":{"line":78,"column":26},"end":{"line":79,"column":null}},"32":{"start":{"line":82,"column":6},"end":{"line":89,"column":8}},"33":{"start":{"line":93,"column":6},"end":{"line":93,"column":85}},"34":{"start":{"line":93,"column":34},"end":{"line":93,"column":56}},"35":{"start":{"line":95,"column":4},"end":{"line":101,"column":7}},"36":{"start":{"line":103,"column":4},"end":{"line":103,"column":58}},"37":{"start":{"line":104,"column":4},"end":{"line":104,"column":72}},"38":{"start":{"line":109,"column":0},"end":{"line":124,"column":3}},"39":{"start":{"line":110,"column":2},"end":{"line":123,"column":3}},"40":{"start":{"line":111,"column":24},"end":{"line":111,"column":33}},"41":{"start":{"line":113,"column":23},"end":{"line":113,"column":45}},"42":{"start":{"line":114,"column":4},"end":{"line":116,"column":5}},"43":{"start":{"line":115,"column":6},"end":{"line":115,"column":30}},"44":{"start":{"line":118,"column":4},"end":{"line":118,"column":43}},"45":{"start":{"line":119,"column":4},"end":{"line":119,"column":32}},"46":{"start":{"line":121,"column":4},"end":{"line":121,"column":58}},"47":{"start":{"line":122,"column":4},"end":{"line":122,"column":72}},"48":{"start":{"line":126,"column":0},"end":{"line":126,"column":22}}},"fnMap":{"0":{"name":"(anonymous_1)","decl":{"start":{"line":8,"column":39},"end":{"line":8,"column":44}},"loc":{"start":{"line":8,"column":71},"end":{"line":44,"column":1}}},"1":{"name":"(anonymous_2)","decl":{"start":{"line":47,"column":40},"end":{"line":47,"column":45}},"loc":{"start":{"line":47,"column":72},"end":{"line":66,"column":1}}},"2":{"name":"(anonymous_3)","decl":{"start":{"line":69,"column":40},"end":{"line":69,"column":45}},"loc":{"start":{"line":69,"column":72},"end":{"line":106,"column":1}}},"3":{"name":"(anonymous_4)","decl":{"start":{"line":76,"column":33},"end":{"line":76,"column":34}},"loc":{"start":{"line":76,"column":39},"end":{"line":90,"column":5}}},"4":{"name":"(anonymous_5)","decl":{"start":{"line":93,"column":22},"end":{"line":93,"column":23}},"loc":{"start":{"line":93,"column":34},"end":{"line":93,"column":56}}},"5":{"name":"(anonymous_6)","decl":{"start":{"line":109,"column":42},"end":{"line":109,"column":47}},"loc":{"start":{"line":109,"column":74},"end":{"line":124,"column":1}}}},"branchMap":{"0":{"loc":{"start":{"line":12,"column":4},"end":{"line":14,"column":5}},"type":"if","locations":[{"start":{"line":12,"column":4},"end":{"line":14,"column":5}}]},"1":{"loc":{"start":{"line":17,"column":17},"end":{"line":17,"column":56}},"type":"binary-expr","locations":[{"start":{"line":17,"column":17},"end":{"line":17,"column":51}},{"start":{"line":17,"column":55},"end":{"line":17,"column":56}}]},"2":{"loc":{"start":{"line":18,"column":18},"end":{"line":18,"column":59}},"type":"binary-expr","locations":[{"start":{"line":18,"column":18},"end":{"line":18,"column":53}},{"start":{"line":18,"column":57},"end":{"line":18,"column":59}}]},"3":{"loc":{"start":{"line":77,"column":61},"end":{"line":77,"column":95}},"type":"binary-expr","locations":[{"start":{"line":77,"column":61},"end":{"line":77,"column":90}},{"start":{"line":77,"column":94},"end":{"line":77,"column":95}}]},"4":{"loc":{"start":{"line":79,"column":36},"end":{"line":79,"column":74}},"type":"binary-expr","locations":[{"start":{"line":79,"column":36},"end":{"line":79,"column":69}},{"start":{"line":79,"column":73},"end":{"line":79,"column":74}}]},"5":{"loc":{"start":{"line":93,"column":64},"end":{"line":93,"column":84}},"type":"binary-expr","locations":[{"start":{"line":93,"column":64},"end":{"line":93,"column":79}},{"start":{"line":93,"column":83},"end":{"line":93,"column":84}}]},"6":{"loc":{"start":{"line":114,"column":4},"end":{"line":116,"column":5}},"type":"if","locations":[{"start":{"line":114,"column":4},"end":{"line":116,"column":5}}]}},"s":{"0":1,"1":1,"2":1,"3":1,"4":1,"5":0,"6":0,"7":0,"8":0,"9":0,"10":0,"11":0,"12":0,"13":0,"14":0,"15":0,"16":0,"17":0,"18":1,"19":0,"20":0,"21":0,"22":0,"23":0,"24":0,"25":0,"26":1,"27":0,"28":0,"29":0,"30":0,"31":0,"32":0,"33":0,"34":0,"35":0,"36":0,"37":0,"38":1,"39":0,"40":0,"41":0,"42":0,"43":0,"44":0,"45":0,"46":0,"47":0,"48":1},"f":{"0":0,"1":0,"2":0,"3":0,"4":0,"5":0},"b":{"0":[0],"1":[0,0],"2":[0,0],"3":[0,0],"4":[0,0],"5":[0,0],"6":[0]}}
}
