TN:
SF:src\server.ts
FN:33,(anonymous_1)
FN:48,(anonymous_2)
FN:54,(anonymous_3)
FN:61,(anonymous_4)
FNF:4
FNH:1
FNDA:1,(anonymous_1)
FNDA:0,(anonymous_2)
FNDA:0,(anonymous_3)
FNDA:0,(anonymous_4)
DA:1,1
DA:2,1
DA:3,1
DA:4,1
DA:5,1
DA:8,1
DA:10,1
DA:11,1
DA:12,1
DA:13,1
DA:14,1
DA:16,1
DA:17,1
DA:20,1
DA:21,1
DA:22,1
DA:23,1
DA:26,1
DA:27,1
DA:28,1
DA:29,1
DA:30,1
DA:33,1
DA:35,1
DA:37,1
DA:48,1
DA:49,0
DA:50,0
DA:54,1
DA:55,0
DA:56,0
DA:58,0
DA:59,0
DA:61,0
DA:62,0
DA:65,0
DA:66,0
DA:71,1
LF:38
LH:28
BRDA:17,0,0,1
BRDA:17,0,1,1
BRDA:38,1,0,0
BRDA:38,1,1,1
BRDA:56,2,0,0
BRDA:56,2,1,0
BRF:6
BRH:3
end_of_record
TN:
SF:src\middleware\auth.ts
FN:5,(anonymous_1)
FN:19,(anonymous_2)
FN:36,(anonymous_3)
FNF:3
FNH:0
FNDA:0,(anonymous_1)
FNDA:0,(anonymous_2)
FNDA:0,(anonymous_3)
DA:2,1
DA:5,1
DA:6,0
DA:7,0
DA:12,0
DA:19,1
DA:20,0
DA:21,0
DA:23,0
DA:24,0
DA:27,0
DA:28,0
DA:29,0
DA:30,0
DA:32,0
DA:36,1
DA:37,0
DA:38,0
LF:18
LH:4
BRDA:6,0,0,0
BRDA:23,1,0,0
BRF:2
BRH:0
end_of_record
TN:
SF:src\models\PolarDiagram.ts
FNF:0
FNH:0
DA:1,1
DA:50,1
DA:56,1
DA:61,1
DA:71,1
DA:80,1
DA:133,1
DA:134,1
DA:135,1
DA:137,1
LF:10
LH:10
BRF:0
BRH:0
end_of_record
TN:
SF:src\models\Route.ts
FNF:0
FNH:0
DA:1,1
DA:23,1
DA:33,1
DA:60,1
DA:61,1
DA:62,1
DA:63,1
DA:65,1
LF:8
LH:8
BRF:0
BRH:0
end_of_record
TN:
SF:src\models\User.ts
FNF:0
FNH:0
DA:1,1
DA:26,1
DA:67,1
DA:68,1
DA:70,1
LF:5
LH:5
BRF:0
BRH:0
end_of_record
TN:
SF:src\models\WeatherHistory.ts
FNF:0
FNH:0
DA:1,1
DA:26,1
DA:64,1
DA:65,1
DA:67,1
LF:5
LH:5
BRF:0
BRH:0
end_of_record
TN:
SF:src\routes\auth.ts
FN:40,(anonymous_1)
FN:87,(anonymous_2)
FN:124,(anonymous_3)
FN:139,(anonymous_4)
FN:172,(anonymous_5)
FNF:5
FNH:0
FNDA:0,(anonymous_1)
FNDA:0,(anonymous_2)
FNDA:0,(anonymous_3)
FNDA:0,(anonymous_4)
FNDA:0,(anonymous_5)
DA:1,1
DA:2,1
DA:3,1
DA:4,1
DA:5,1
DA:6,1
DA:8,1
DA:11,1
DA:21,1
DA:32,1
DA:41,0
DA:42,0
DA:43,0
DA:46,0
DA:47,0
DA:49,0
DA:50,0
DA:51,0
DA:54,0
DA:56,0
DA:63,0
DA:65,0
DA:67,0
DA:76,0
DA:77,0
DA:83,1
DA:88,0
DA:89,0
DA:90,0
DA:93,0
DA:94,0
DA:96,0
DA:97,0
DA:98,0
DA:101,0
DA:102,0
DA:103,0
DA:106,0
DA:108,0
DA:117,0
DA:118,0
DA:124,1
DA:125,0
DA:126,0
DA:127,0
DA:128,0
DA:131,0
DA:133,0
DA:134,0
DA:139,1
DA:140,0
DA:141,0
DA:143,0
DA:144,0
DA:145,0
DA:148,0
DA:149,0
DA:150,0
DA:151,0
DA:153,0
DA:155,0
DA:166,0
DA:167,0
DA:172,1
DA:173,0
DA:174,0
DA:176,0
DA:177,0
DA:180,0
DA:181,0
DA:182,0
DA:185,0
DA:186,0
DA:187,0
DA:190,0
DA:192,0
DA:193,0
DA:197,1
LF:78
LH:15
BRDA:42,0,0,0
BRDA:50,1,0,0
BRDA:89,2,0,0
BRDA:97,3,0,0
BRDA:102,4,0,0
BRDA:127,5,0,0
BRDA:144,6,0,0
BRDA:148,7,0,0
BRDA:149,8,0,0
BRDA:150,9,0,0
BRDA:151,10,0,0
BRDA:176,11,0,0
BRDA:181,12,0,0
BRDA:185,13,0,0
BRF:14
BRH:0
end_of_record
TN:
SF:src\routes\notifications.ts
FN:18,(anonymous_1)
FN:32,(anonymous_2)
FN:33,(anonymous_3)
FN:61,(anonymous_4)
FN:92,(anonymous_5)
FN:106,(anonymous_6)
FN:107,(anonymous_7)
FNF:7
FNH:0
FNDA:0,(anonymous_1)
FNDA:0,(anonymous_2)
FNDA:0,(anonymous_3)
FNDA:0,(anonymous_4)
FNDA:0,(anonymous_5)
FNDA:0,(anonymous_6)
FNDA:0,(anonymous_7)
DA:1,1
DA:2,1
DA:3,1
DA:4,1
DA:5,1
DA:7,1
DA:8,1
DA:11,1
DA:15,1
DA:18,1
DA:19,0
DA:20,0
DA:22,0
DA:23,0
DA:24,0
DA:27,0
DA:28,0
DA:31,0
DA:32,0
DA:33,0
DA:41,0
DA:42,0
DA:44,0
DA:45,0
DA:46,0
DA:47,0
DA:49,0
DA:53,0
DA:55,0
DA:56,0
DA:61,1
DA:62,0
DA:63,0
DA:65,0
DA:66,0
DA:69,0
DA:70,0
DA:71,0
DA:74,0
DA:75,0
DA:78,0
DA:84,0
DA:86,0
DA:87,0
DA:92,1
DA:93,0
DA:94,0
DA:96,0
DA:97,0
DA:98,0
DA:101,0
DA:104,0
DA:105,0
DA:106,0
DA:107,0
DA:116,0
DA:117,0
DA:118,0
DA:119,0
DA:120,0
DA:122,0
DA:123,0
DA:129,0
DA:135,0
DA:136,0
DA:141,0
DA:143,0
DA:144,0
DA:148,0
DA:150,0
DA:151,0
DA:155,1
LF:72
LH:13
BRDA:11,0,0,0
BRDA:11,0,1,1
BRDA:11,1,0,1
BRDA:11,1,1,0
BRDA:23,2,0,0
BRDA:23,3,0,0
BRDA:23,3,1,0
BRDA:27,4,0,0
BRDA:65,5,0,0
BRDA:70,6,0,0
BRDA:70,7,0,0
BRDA:70,7,1,0
BRDA:74,8,0,0
BRDA:97,9,0,0
BRDA:104,10,0,0
BRDA:104,11,0,0
BRDA:104,11,1,0
BRDA:129,12,0,0
BRDA:130,13,0,0
BRDA:130,13,1,0
BRDA:130,13,2,0
BRDA:130,13,3,0
BRDA:137,14,0,0
BRDA:137,14,1,0
BRF:24
BRH:2
end_of_record
TN:
SF:src\routes\polars.ts
FN:8,(anonymous_1)
FN:26,(anonymous_2)
FN:45,(anonymous_3)
FN:61,(anonymous_4)
FN:100,(anonymous_5)
FN:145,(anonymous_6)
FN:164,(anonymous_7)
FN:200,(anonymous_8)
FNF:8
FNH:0
FNDA:0,(anonymous_1)
FNDA:0,(anonymous_2)
FNDA:0,(anonymous_3)
FNDA:0,(anonymous_4)
FNDA:0,(anonymous_5)
FNDA:0,(anonymous_6)
FNDA:0,(anonymous_7)
FNDA:0,(anonymous_8)
DA:1,1
DA:2,1
DA:3,1
DA:5,1
DA:8,1
DA:9,0
DA:10,0
DA:11,0
DA:15,0
DA:20,0
DA:21,0
DA:26,1
DA:27,0
DA:28,0
DA:33,0
DA:34,0
DA:37,0
DA:39,0
DA:40,0
DA:45,1
DA:46,0
DA:47,0
DA:49,0
DA:50,0
DA:53,0
DA:55,0
DA:56,0
DA:61,1
DA:62,0
DA:74,0
DA:76,0
DA:91,0
DA:92,0
DA:94,0
DA:95,0
DA:100,1
DA:101,0
DA:102,0
DA:107,0
DA:108,0
DA:123,0
DA:125,0
DA:126,0
DA:127,0
DA:128,0
DA:129,0
DA:130,0
DA:131,0
DA:132,0
DA:133,0
DA:134,0
DA:136,0
DA:137,0
DA:139,0
DA:140,0
DA:145,1
DA:146,0
DA:147,0
DA:152,0
DA:153,0
DA:156,0
DA:158,0
DA:159,0
DA:164,1
DA:165,0
DA:166,0
DA:171,0
DA:172,0
DA:176,0
DA:191,0
DA:192,0
DA:194,0
DA:195,0
DA:200,1
DA:201,0
DA:202,0
DA:203,0
DA:208,0
DA:210,0
DA:211,0
DA:215,1
LF:81
LH:13
BRDA:33,0,0,0
BRDA:49,1,0,0
BRDA:87,2,0,0
BRDA:87,2,1,0
BRDA:107,3,0,0
BRDA:125,4,0,0
BRDA:126,5,0,0
BRDA:127,6,0,0
BRDA:128,7,0,0
BRDA:129,8,0,0
BRDA:130,9,0,0
BRDA:131,10,0,0
BRDA:132,11,0,0
BRDA:133,12,0,0
BRDA:134,13,0,0
BRDA:152,14,0,0
BRDA:171,15,0,0
BRF:17
BRH:0
end_of_record
TN:
SF:src\routes\routes.ts
FN:8,(anonymous_1)
FN:41,(anonymous_2)
FN:56,(anonymous_3)
FN:75,(anonymous_4)
FN:98,(anonymous_5)
FN:113,(anonymous_6)
FNF:6
FNH:0
FNDA:0,(anonymous_1)
FNDA:0,(anonymous_2)
FNDA:0,(anonymous_3)
FNDA:0,(anonymous_4)
FNDA:0,(anonymous_5)
FNDA:0,(anonymous_6)
DA:1,1
DA:2,1
DA:3,1
DA:5,1
DA:8,1
DA:9,0
DA:11,0
DA:12,0
DA:13,0
DA:16,0
DA:18,0
DA:23,0
DA:25,0
DA:35,0
DA:36,0
DA:41,1
DA:42,0
DA:43,0
DA:44,0
DA:45,0
DA:48,0
DA:50,0
DA:51,0
DA:56,1
DA:57,0
DA:58,0
DA:60,0
DA:66,0
DA:67,0
DA:69,0
DA:70,0
DA:75,1
DA:76,0
DA:77,0
DA:79,0
DA:80,0
DA:81,0
DA:84,0
DA:85,0
DA:86,0
DA:87,0
DA:89,0
DA:90,0
DA:92,0
DA:93,0
DA:98,1
DA:99,0
DA:100,0
DA:101,0
DA:102,0
DA:105,0
DA:107,0
DA:108,0
DA:113,1
DA:114,0
DA:116,0
DA:119,0
DA:120,0
DA:121,0
DA:124,0
DA:125,0
DA:127,0
DA:129,0
DA:130,0
DA:134,1
LF:65
LH:11
BRDA:11,0,0,0
BRDA:11,0,1,0
BRDA:12,1,0,0
BRDA:12,1,1,0
BRDA:44,2,0,0
BRDA:80,3,0,0
BRDA:84,4,0,0
BRDA:85,5,0,0
BRDA:86,6,0,0
BRDA:87,7,0,0
BRDA:101,8,0,0
BRDA:120,9,0,0
BRF:12
BRH:0
end_of_record
TN:
SF:src\routes\weather.ts
FN:8,(anonymous_1)
FN:47,(anonymous_2)
FN:69,(anonymous_3)
FN:76,(anonymous_4)
FN:93,(anonymous_5)
FN:109,(anonymous_6)
FNF:6
FNH:0
FNDA:0,(anonymous_1)
FNDA:0,(anonymous_2)
FNDA:0,(anonymous_3)
FNDA:0,(anonymous_4)
FNDA:0,(anonymous_5)
FNDA:0,(anonymous_6)
DA:1,1
DA:2,1
DA:3,1
DA:5,1
DA:8,1
DA:9,0
DA:10,0
DA:12,0
DA:13,0
DA:17,0
DA:18,0
DA:19,0
DA:22,0
DA:24,0
DA:29,0
DA:31,0
DA:41,0
DA:42,0
DA:47,1
DA:48,0
DA:49,0
DA:51,0
DA:60,0
DA:61,0
DA:63,0
DA:64,0
DA:69,1
DA:70,0
DA:71,0
DA:76,0
DA:77,0
DA:78,0
DA:82,0
DA:93,0
DA:95,0
DA:103,0
DA:104,0
DA:109,1
DA:110,0
DA:111,0
DA:113,0
DA:114,0
DA:115,0
DA:118,0
DA:119,0
DA:121,0
DA:122,0
DA:126,1
LF:48
LH:9
BRDA:12,0,0,0
BRDA:17,1,0,0
BRDA:17,1,1,0
BRDA:18,2,0,0
BRDA:18,2,1,0
BRDA:77,3,0,0
BRDA:77,3,1,0
BRDA:79,4,0,0
BRDA:79,4,1,0
BRDA:93,5,0,0
BRDA:93,5,1,0
BRDA:114,6,0,0
BRF:12
BRH:0
end_of_record
